<?xml version="1.0" encoding="UTF-8"?>
<!-- Generated by org.testng.reporters.JUnitXMLReporter -->
<testsuite ignored="0" hostname="USER" failures="0" tests="3" name="Default test" time="89.946" errors="0" timestamp="2024-08-07T21:44:08 IST">
  <testcase classname="testpkg.Deygatest" name="verifyLoginWithValidCred" time="30.511"/>
  <testcase classname="testpkg.Deygatest" name="purchaseprod" time="41.861"/>
  <testcase classname="testpkg.Deygatest" name="Searchproductlist" time="10.9"/>
</testsuite> <!-- Default test -->
